0 info it worked if it ends with ok
1 verbose cli [ 'C:\\Program Files\\nodejs\\node.exe',
1 verbose cli   'C:\\Program Files\\nodejs\\node_modules\\npm\\bin\\npm-cli.js',
1 verbose cli   'run',
1 verbose cli   'gulp' ]
2 info using npm@3.10.3
3 info using node@v6.3.0
4 verbose run-script [ 'pregulp', 'gulp', 'postgulp' ]
5 info lifecycle inv-node-angular2@0.0.1~pregulp: inv-node-angular2@0.0.1
6 silly lifecycle inv-node-angular2@0.0.1~pregulp: no script for pregulp, continuing
7 info lifecycle inv-node-angular2@0.0.1~gulp: inv-node-angular2@0.0.1
8 verbose lifecycle inv-node-angular2@0.0.1~gulp: unsafe-perm in lifecycle true
9 verbose lifecycle inv-node-angular2@0.0.1~gulp: PATH: C:\Program Files\nodejs\node_modules\npm\bin\node-gyp-bin;D:\Projects\EquipmentBase\node_modules\.bin;C:\Program Files\nodejs;D:\4work\cmdEr\bin;C:\Program Files\Git\bin;C:\Program Files\Git\usr\bin;C:\Program Files\Git\share\vim\vim74;D:\4work\cmdEr\vendor\conemu-maximus5;D:\4work\cmdEr\vendor\conemu-maximus5\ConEmu;C:\ProgramData\Oracle\Java\javapath;C:\Program Files\Common Files\Microsoft Shared\Windows Live;C:\Program Files (x86)\Common Files\Microsoft Shared\Windows Live;C:\Windows\system32;C:\Windows;C:\Windows\System32\Wbem;C:\Windows\System32\WindowsPowerShell\v1.0\;C:\Program Files\Windows Imaging\;C:\Program Files (x86)\Common Files\Acronis\SnapAPI\;C:\Program Files (x86)\Windows Live\Shared;C:\Program Files (x86)\Git\cmd;C:\Program Files\nodejs\;C:\Program Files\Git\cmd;C:\Ruby22-x64\bin;C:\RailsInstaller\Ruby1.9.3\bin;C:\Users\ignatiev.no\AppData\Local\Enthought\Canopy\User;C:\Users\ignatiev.no\AppData\Local\Enthought\Canopy\User\Scripts;C:\Program Files (x86)\Microsoft VS Code\bin;C:\Users\ignatiev.no\AppData\Roaming\npm;D:\4work\cmdEr
10 verbose lifecycle inv-node-angular2@0.0.1~gulp: CWD: D:\Projects\EquipmentBase
11 silly lifecycle inv-node-angular2@0.0.1~gulp: Args: [ '/d /s /c', 'gulp clean && gulp' ]
12 silly lifecycle inv-node-angular2@0.0.1~gulp: Returned: code: 1  signal: null
13 info lifecycle inv-node-angular2@0.0.1~gulp: Failed to exec gulp script
14 verbose stack Error: inv-node-angular2@0.0.1 gulp: `gulp clean && gulp`
14 verbose stack Exit status 1
14 verbose stack     at EventEmitter.<anonymous> (C:\Program Files\nodejs\node_modules\npm\lib\utils\lifecycle.js:242:16)
14 verbose stack     at emitTwo (events.js:106:13)
14 verbose stack     at EventEmitter.emit (events.js:191:7)
14 verbose stack     at ChildProcess.<anonymous> (C:\Program Files\nodejs\node_modules\npm\lib\utils\spawn.js:40:14)
14 verbose stack     at emitTwo (events.js:106:13)
14 verbose stack     at ChildProcess.emit (events.js:191:7)
14 verbose stack     at maybeClose (internal/child_process.js:852:16)
14 verbose stack     at Process.ChildProcess._handle.onexit (internal/child_process.js:215:5)
15 verbose pkgid inv-node-angular2@0.0.1
16 verbose cwd D:\Projects\EquipmentBase
17 error Windows_NT 6.1.7601
18 error argv "C:\\Program Files\\nodejs\\node.exe" "C:\\Program Files\\nodejs\\node_modules\\npm\\bin\\npm-cli.js" "run" "gulp"
19 error node v6.3.0
20 error npm  v3.10.3
21 error code ELIFECYCLE
22 error inv-node-angular2@0.0.1 gulp: `gulp clean && gulp`
22 error Exit status 1
23 error Failed at the inv-node-angular2@0.0.1 gulp script 'gulp clean && gulp'.
23 error Make sure you have the latest version of node.js and npm installed.
23 error If you do, this is most likely a problem with the inv-node-angular2 package,
23 error not with npm itself.
23 error Tell the author that this fails on your system:
23 error     gulp clean && gulp
23 error You can get information on how to open an issue for this project with:
23 error     npm bugs inv-node-angular2
23 error Or if that isn't available, you can get their info via:
23 error     npm owner ls inv-node-angular2
23 error There is likely additional logging output above.
24 verbose exit [ 1, true ]
